0 info it worked if it ends with ok
1 verbose cli [ 'C:\\Program Files\\nodejs\\node.exe',
1 verbose cli   'C:\\Program Files\\nodejs\\node_modules\\npm\\bin\\npm-cli.js',
1 verbose cli   'install',
1 verbose cli   'node-inspect' ]
2 info using npm@2.15.5
3 info using node@v4.4.5
4 verbose install initial load of F:\##Lavori\id3King\id3kingserver\package.json
5 warn package.json id3KingServer@1.0.0 No repository field.
6 verbose installManyTop reading scoped package data from F:\##Lavori\id3King\id3kingserver\node_modules\cheerio\package.json
7 verbose installManyTop reading scoped package data from F:\##Lavori\id3King\id3kingserver\node_modules\cron\package.json
8 verbose installManyTop reading scoped package data from F:\##Lavori\id3King\id3kingserver\node_modules\hapi\package.json
9 verbose installManyTop reading scoped package data from F:\##Lavori\id3King\id3kingserver\node_modules\inert\package.json
10 verbose installManyTop reading scoped package data from F:\##Lavori\id3King\id3kingserver\node_modules\q\package.json
11 verbose installManyTop reading scoped package data from F:\##Lavori\id3King\id3kingserver\node_modules\request\package.json
12 verbose installManyTop reading scoped package data from F:\##Lavori\id3King\id3kingserver\node_modules\request-promise\package.json
13 verbose installManyTop reading scoped package data from F:\##Lavori\id3King\id3kingserver\node_modules\sqlite3\package.json
14 info package.json cron@1.1.0 No license field.
15 info package.json sqlite3@3.1.4 No README data
16 info package.json q@1.4.1 license should be a valid SPDX license expression
17 verbose readDependencies loading dependencies from F:\##Lavori\id3King\id3kingserver\package.json
18 silly cache add args [ 'node-inspect', null ]
19 verbose cache add spec node-inspect
20 silly cache add parsed spec Result {
20 silly cache add   raw: 'node-inspect',
20 silly cache add   scope: null,
20 silly cache add   name: 'node-inspect',
20 silly cache add   rawSpec: '',
20 silly cache add   spec: 'latest',
20 silly cache add   type: 'tag' }
21 silly addNamed node-inspect@latest
22 verbose addNamed "latest" is being treated as a dist-tag for node-inspect
23 info addNameTag [ 'node-inspect', 'latest' ]
24 silly mapToRegistry name node-inspect
25 silly mapToRegistry using default registry
26 silly mapToRegistry registry https://registry.npmjs.org/
27 silly mapToRegistry data Result {
27 silly mapToRegistry   raw: 'node-inspect',
27 silly mapToRegistry   scope: null,
27 silly mapToRegistry   name: 'node-inspect',
27 silly mapToRegistry   rawSpec: '',
27 silly mapToRegistry   spec: 'latest',
27 silly mapToRegistry   type: 'tag' }
28 silly mapToRegistry uri https://registry.npmjs.org/node-inspect
29 verbose addNameTag registry:https://registry.npmjs.org/node-inspect not in flight; fetching
30 verbose request uri https://registry.npmjs.org/node-inspect
31 verbose request no auth needed
32 info attempt registry request try #1 at 18:15:59
33 verbose request id aa0f7f0c905cf457
34 http request GET https://registry.npmjs.org/node-inspect
35 http 404 https://registry.npmjs.org/node-inspect
36 verbose headers { 'content-type': 'application/json',
36 verbose headers   'cache-control': 'max-age=0',
36 verbose headers   'content-length': '2',
36 verbose headers   'accept-ranges': 'bytes',
36 verbose headers   date: 'Mon, 08 Aug 2016 16:16:00 GMT',
36 verbose headers   via: '1.1 varnish',
36 verbose headers   age: '0',
36 verbose headers   connection: 'keep-alive',
36 verbose headers   'x-served-by': 'cache-ams4442-AMS',
36 verbose headers   'x-cache': 'MISS',
36 verbose headers   'x-cache-hits': '0',
36 verbose headers   'x-timer': 'S1470672960.016914,VS0,VE701',
36 verbose headers   vary: 'Accept-Encoding' }
37 silly get cb [ 404,
37 silly get   { 'content-type': 'application/json',
37 silly get     'cache-control': 'max-age=0',
37 silly get     'content-length': '2',
37 silly get     'accept-ranges': 'bytes',
37 silly get     date: 'Mon, 08 Aug 2016 16:16:00 GMT',
37 silly get     via: '1.1 varnish',
37 silly get     age: '0',
37 silly get     connection: 'keep-alive',
37 silly get     'x-served-by': 'cache-ams4442-AMS',
37 silly get     'x-cache': 'MISS',
37 silly get     'x-cache-hits': '0',
37 silly get     'x-timer': 'S1470672960.016914,VS0,VE701',
37 silly get     vary: 'Accept-Encoding' } ]
38 verbose stack Error: Registry returned 404 for GET on https://registry.npmjs.org/node-inspect
38 verbose stack     at makeError (C:\Program Files\nodejs\node_modules\npm\node_modules\npm-registry-client\lib\request.js:264:12)
38 verbose stack     at CachingRegistryClient.<anonymous> (C:\Program Files\nodejs\node_modules\npm\node_modules\npm-registry-client\lib\request.js:242:14)
38 verbose stack     at Request._callback (C:\Program Files\nodejs\node_modules\npm\node_modules\npm-registry-client\lib\request.js:172:14)
38 verbose stack     at Request.self.callback (C:\Program Files\nodejs\node_modules\npm\node_modules\request\request.js:200:22)
38 verbose stack     at emitTwo (events.js:87:13)
38 verbose stack     at Request.emit (events.js:172:7)
38 verbose stack     at Request.<anonymous> (C:\Program Files\nodejs\node_modules\npm\node_modules\request\request.js:1067:10)
38 verbose stack     at emitOne (events.js:82:20)
38 verbose stack     at Request.emit (events.js:169:7)
38 verbose stack     at IncomingMessage.<anonymous> (C:\Program Files\nodejs\node_modules\npm\node_modules\request\request.js:988:12)
39 verbose statusCode 404
40 verbose pkgid node-inspect
41 verbose cwd F:\##Lavori\id3King\id3kingserver
42 error Windows_NT 10.0.14393
43 error argv "C:\\Program Files\\nodejs\\node.exe" "C:\\Program Files\\nodejs\\node_modules\\npm\\bin\\npm-cli.js" "install" "node-inspect"
44 error node v4.4.5
45 error npm  v2.15.5
46 error code E404
47 error 404 Registry returned 404 for GET on https://registry.npmjs.org/node-inspect
47 error 404
47 error 404 'node-inspect' is not in the npm registry.
47 error 404 You should bug the author to publish it (or use the name yourself!)
47 error 404 It was specified as a dependency of 'id3KingServer'
47 error 404
47 error 404 Note that you can also install from a
47 error 404 tarball, folder, http url, or git url.
48 verbose exit [ 1, true ]
